# JRE version: OpenJDK Runtime Environment 21.9 (17.0.3+6) (build 17.0.3+6-LTS)
# Java VM: OpenJDK 64-Bit Server VM 21.9 (17.0.3+6-LTS, mixed mode, sharing, tiered, compressed oops, compressed class ptrs, g1 gc, windows-amd64)
GC Precious Log:
 CPUs: 14 total, 14 available
 Memory: 15844M
 Large Page Support: Disabled
 NUMA Support: Disabled
 Compressed Oops: Enabled (Zero based)
 Heap Region Size: 2M
 Heap Min Capacity: 8M
 Heap Initial Capacity: 248M
 Heap Max Capacity: 3962M
 Pre-touch: Disabled
 Parallel Workers: 11
 Concurrent Workers: 3
 Concurrent Refinement Workers: 11
 Periodic GC: Disabled
Heap:
 garbage-first heap   total 761856K, used 424960K [0x0000000708600000, 0x0000000800000000)
  region size 2048K, 6 young (12288K), 6 survivors (12288K)
 Metaspace       used 722K, committed 896K, reserved 1056768K
  class space    used 54K, committed 128K, reserved 1048576K
GC Heap History (17 events):
Event: 0.190 GC heap before
{Heap before GC invocations=0 (full 0):
 garbage-first heap   total 253952K, used 22528K [0x0000000708600000, 0x0000000800000000)
  region size 2048K, 11 young (22528K), 0 survivors (0K)
 Metaspace       used 722K, committed 896K, reserved 1056768K
  class space    used 54K, committed 128K, reserved 1048576K
}
Event: 0.205 GC heap after
{Heap after GC invocations=1 (full 0):
 garbage-first heap   total 253952K, used 18801K [0x0000000708600000, 0x0000000800000000)
  region size 2048K, 2 young (4096K), 2 survivors (4096K)
 Metaspace       used 722K, committed 896K, reserved 1056768K
  class space    used 54K, committed 128K, reserved 1048576K
}
Event: 0.223 GC heap before
{Heap before GC invocations=1 (full 0):
 garbage-first heap   total 253952K, used 37233K [0x0000000708600000, 0x0000000800000000)
  region size 2048K, 8 young (16384K), 2 survivors (4096K)
 Metaspace       used 722K, committed 896K, reserved 1056768K
  class space    used 54K, committed 128K, reserved 1048576K
}
Event: 0.241 GC heap after
{Heap after GC invocations=2 (full 0):
 garbage-first heap   total 253952K, used 37450K [0x0000000708600000, 0x0000000800000000)
  region size 2048K, 1 young (2048K), 1 survivors (2048K)
 Metaspace       used 722K, committed 896K, reserved 1056768K
  class space    used 54K, committed 128K, reserved 1048576K
}
Event: 0.248 GC heap before
{Heap before GC invocations=2 (full 0):
 garbage-first heap   total 253952K, used 47690K [0x0000000708600000, 0x0000000800000000)
  region size 2048K, 6 young (12288K), 1 survivors (2048K)
 Metaspace       used 722K, committed 896K, reserved 1056768K
  class space    used 54K, committed 128K, reserved 1048576K
}
Event: 0.256 GC heap after
{Heap after GC invocations=3 (full 0):
 garbage-first heap   total 253952K, used 49152K [0x0000000708600000, 0x0000000800000000)
  region size 2048K, 1 young (2048K), 1 survivors (2048K)
 Metaspace       used 722K, committed 896K, reserved 1056768K
  class space    used 54K, committed 128K, reserved 1048576K
}
Event: 0.268 GC heap before
{Heap before GC invocations=3 (full 0):
 garbage-first heap   total 253952K, used 69632K [0x0000000708600000, 0x0000000800000000)
  region size 2048K, 9 young (18432K), 1 survivors (2048K)
 Metaspace       used 722K, committed 896K, reserved 1056768K
  class space    used 54K, committed 128K, reserved 1048576K
}
Event: 0.279 GC heap after
{Heap after GC invocations=4 (full 0):
 garbage-first heap   total 253952K, used 70518K [0x0000000708600000, 0x0000000800000000)
  region size 2048K, 2 young (4096K), 2 survivors (4096K)
 Metaspace       used 722K, committed 896K, reserved 1056768K
  class space    used 54K, committed 128K, reserved 1048576K
}
Event: 0.299 GC heap before
{Heap before GC invocations=4 (full 0):
 garbage-first heap   total 253952K, used 105334K [0x0000000708600000, 0x0000000800000000)
  region size 2048K, 16 young (32768K), 2 survivors (4096K)
 Metaspace       used 722K, committed 896K, reserved 1056768K
  class space    used 54K, committed 128K, reserved 1048576K
}
Event: 0.327 GC heap after
{Heap after GC invocations=5 (full 0):
 garbage-first heap   total 761856K, used 107036K [0x0000000708600000, 0x0000000800000000)
  region size 2048K, 2 young (4096K), 2 survivors (4096K)
 Metaspace       used 722K, committed 896K, reserved 1056768K
  class space    used 54K, committed 128K, reserved 1048576K
}
Event: 0.368 GC heap before
{Heap before GC invocations=5 (full 0):
 garbage-first heap   total 761856K, used 154140K [0x0000000708600000, 0x0000000800000000)
  region size 2048K, 21 young (43008K), 2 survivors (4096K)
 Metaspace       used 722K, committed 896K, reserved 1056768K
  class space    used 54K, committed 128K, reserved 1048576K
}
Event: 0.389 GC heap after
{Heap after GC invocations=6 (full 0):
 garbage-first heap   total 761856K, used 156551K [0x0000000708600000, 0x0000000800000000)
  region size 2048K, 3 young (6144K), 3 survivors (6144K)
 Metaspace       used 722K, committed 896K, reserved 1056768K
  class space    used 54K, committed 128K, reserved 1048576K
}
Event: 0.449 GC heap before
{Heap before GC invocations=6 (full 0):
 garbage-first heap   total 761856K, used 222087K [0x0000000708600000, 0x0000000800000000)
  region size 2048K, 29 young (59392K), 3 survivors (6144K)
 Metaspace       used 722K, committed 896K, reserved 1056768K
  class space    used 54K, committed 128K, reserved 1048576K
}
Event: 0.477 GC heap after
{Heap after GC invocations=7 (full 0):
 garbage-first heap   total 761856K, used 225280K [0x0000000708600000, 0x0000000800000000)
  region size 2048K, 4 young (8192K), 4 survivors (8192K)
 Metaspace       used 722K, committed 896K, reserved 1056768K
  class space    used 54K, committed 128K, reserved 1048576K
}
Event: 0.523 GC heap before
{Heap before GC invocations=7 (full 0):
 garbage-first heap   total 761856K, used 309248K [0x0000000708600000, 0x0000000800000000)
  region size 2048K, 37 young (75776K), 4 survivors (8192K)
 Metaspace       used 722K, committed 896K, reserved 1056768K
  class space    used 54K, committed 128K, reserved 1048576K
}
Event: 0.557 GC heap after
{Heap after GC invocations=8 (full 0):
 garbage-first heap   total 761856K, used 312999K [0x0000000708600000, 0x0000000800000000)
  region size 2048K, 5 young (10240K), 5 survivors (10240K)
 Metaspace       used 722K, committed 896K, reserved 1056768K
  class space    used 54K, committed 128K, reserved 1048576K
}
Event: 0.627 GC heap before
{Heap before GC invocations=8 (full 0):
 garbage-first heap   total 761856K, used 419495K [0x0000000708600000, 0x0000000800000000)
  region size 2048K, 45 young (92160K), 5 survivors (10240K)
 Metaspace       used 722K, committed 896K, reserved 1056768K
  class space    used 54K, committed 128K, reserved 1048576K
}

