# JRE version: OpenJDK Runtime Environment 21.9 (17.0.3+6) (build 17.0.3+6-LTS)
# Java VM: OpenJDK 64-Bit Server VM 21.9 (17.0.3+6-LTS, mixed mode, sharing, tiered, compressed oops, compressed class ptrs, g1 gc, windows-amd64)
GC Precious Log:
 CPUs: 14 total, 14 available
 Memory: 15844M
 Large Page Support: Disabled
 NUMA Support: Disabled
 Compressed Oops: Enabled (Zero based)
 Heap Region Size: 2M
 Heap Min Capacity: 8M
 Heap Initial Capacity: 248M
 Heap Max Capacity: 3962M
 Pre-touch: Disabled
 Parallel Workers: 11
 Concurrent Workers: 3
 Concurrent Refinement Workers: 11
 Periodic GC: Disabled
Heap:
 garbage-first heap   total 761856K, used 448512K [0x0000000708600000, 0x0000000800000000)
  region size 2048K, 7 young (14336K), 7 survivors (14336K)
 Metaspace       used 727K, committed 896K, reserved 1056768K
  class space    used 54K, committed 128K, reserved 1048576K
GC Heap History (17 events):
Event: 0.130 GC heap before
{Heap before GC invocations=0 (full 0):
 garbage-first heap   total 253952K, used 22528K [0x0000000708600000, 0x0000000800000000)
  region size 2048K, 11 young (22528K), 0 survivors (0K)
 Metaspace       used 726K, committed 896K, reserved 1056768K
  class space    used 54K, committed 128K, reserved 1048576K
}
Event: 0.142 GC heap after
{Heap after GC invocations=1 (full 0):
 garbage-first heap   total 253952K, used 18819K [0x0000000708600000, 0x0000000800000000)
  region size 2048K, 2 young (4096K), 2 survivors (4096K)
 Metaspace       used 726K, committed 896K, reserved 1056768K
  class space    used 54K, committed 128K, reserved 1048576K
}
Event: 0.155 GC heap before
{Heap before GC invocations=1 (full 0):
 garbage-first heap   total 253952K, used 37251K [0x0000000708600000, 0x0000000800000000)
  region size 2048K, 8 young (16384K), 2 survivors (4096K)
 Metaspace       used 727K, committed 896K, reserved 1056768K
  class space    used 54K, committed 128K, reserved 1048576K
}
Event: 0.167 GC heap after
{Heap after GC invocations=2 (full 0):
 garbage-first heap   total 253952K, used 38036K [0x0000000708600000, 0x0000000800000000)
  region size 2048K, 1 young (2048K), 1 survivors (2048K)
 Metaspace       used 727K, committed 896K, reserved 1056768K
  class space    used 54K, committed 128K, reserved 1048576K
}
Event: 0.171 GC heap before
{Heap before GC invocations=2 (full 0):
 garbage-first heap   total 253952K, used 48276K [0x0000000708600000, 0x0000000800000000)
  region size 2048K, 6 young (12288K), 1 survivors (2048K)
 Metaspace       used 727K, committed 896K, reserved 1056768K
  class space    used 54K, committed 128K, reserved 1048576K
}
Event: 0.176 GC heap after
{Heap after GC invocations=3 (full 0):
 garbage-first heap   total 253952K, used 49699K [0x0000000708600000, 0x0000000800000000)
  region size 2048K, 1 young (2048K), 1 survivors (2048K)
 Metaspace       used 727K, committed 896K, reserved 1056768K
  class space    used 54K, committed 128K, reserved 1048576K
}
Event: 0.182 GC heap before
{Heap before GC invocations=3 (full 0):
 garbage-first heap   total 253952K, used 70179K [0x0000000708600000, 0x0000000800000000)
  region size 2048K, 9 young (18432K), 1 survivors (2048K)
 Metaspace       used 727K, committed 896K, reserved 1056768K
  class space    used 54K, committed 128K, reserved 1048576K
}
Event: 0.190 GC heap after
{Heap after GC invocations=4 (full 0):
 garbage-first heap   total 253952K, used 71680K [0x0000000708600000, 0x0000000800000000)
  region size 2048K, 2 young (4096K), 2 survivors (4096K)
 Metaspace       used 727K, committed 896K, reserved 1056768K
  class space    used 54K, committed 128K, reserved 1048576K
}
Event: 0.202 GC heap before
{Heap before GC invocations=4 (full 0):
 garbage-first heap   total 253952K, used 106496K [0x0000000708600000, 0x0000000800000000)
  region size 2048K, 16 young (32768K), 2 survivors (4096K)
 Metaspace       used 727K, committed 896K, reserved 1056768K
  class space    used 54K, committed 128K, reserved 1048576K
}
Event: 0.219 GC heap after
{Heap after GC invocations=5 (full 0):
 garbage-first heap   total 761856K, used 107575K [0x0000000708600000, 0x0000000800000000)
  region size 2048K, 2 young (4096K), 2 survivors (4096K)
 Metaspace       used 727K, committed 896K, reserved 1056768K
  class space    used 54K, committed 128K, reserved 1048576K
}
Event: 0.242 GC heap before
{Heap before GC invocations=5 (full 0):
 garbage-first heap   total 761856K, used 156727K [0x0000000708600000, 0x0000000800000000)
  region size 2048K, 22 young (45056K), 2 survivors (4096K)
 Metaspace       used 727K, committed 896K, reserved 1056768K
  class space    used 54K, committed 128K, reserved 1048576K
}
Event: 0.254 GC heap after
{Heap after GC invocations=6 (full 0):
 garbage-first heap   total 761856K, used 159051K [0x0000000708600000, 0x0000000800000000)
  region size 2048K, 3 young (6144K), 3 survivors (6144K)
 Metaspace       used 727K, committed 896K, reserved 1056768K
  class space    used 54K, committed 128K, reserved 1048576K
}
Event: 0.281 GC heap before
{Heap before GC invocations=6 (full 0):
 garbage-first heap   total 761856K, used 228683K [0x0000000708600000, 0x0000000800000000)
  region size 2048K, 31 young (63488K), 3 survivors (6144K)
 Metaspace       used 727K, committed 896K, reserved 1056768K
  class space    used 54K, committed 128K, reserved 1048576K
}
Event: 0.296 GC heap after
{Heap after GC invocations=7 (full 0):
 garbage-first heap   total 761856K, used 232067K [0x0000000708600000, 0x0000000800000000)
  region size 2048K, 4 young (8192K), 4 survivors (8192K)
 Metaspace       used 727K, committed 896K, reserved 1056768K
  class space    used 54K, committed 128K, reserved 1048576K
}
Event: 0.327 GC heap before
{Heap before GC invocations=7 (full 0):
 garbage-first heap   total 761856K, used 322179K [0x0000000708600000, 0x0000000800000000)
  region size 2048K, 40 young (81920K), 4 survivors (8192K)
 Metaspace       used 727K, committed 896K, reserved 1056768K
  class space    used 54K, committed 128K, reserved 1048576K
}
Event: 0.349 GC heap after
{Heap after GC invocations=8 (full 0):
 garbage-first heap   total 761856K, used 327460K [0x0000000708600000, 0x0000000800000000)
  region size 2048K, 5 young (10240K), 5 survivors (10240K)
 Metaspace       used 727K, committed 896K, reserved 1056768K
  class space    used 54K, committed 128K, reserved 1048576K
}
Event: 0.395 GC heap before
{Heap before GC invocations=8 (full 0):
 garbage-first heap   total 761856K, used 442148K [0x0000000708600000, 0x0000000800000000)
  region size 2048K, 49 young (100352K), 5 survivors (10240K)
 Metaspace       used 727K, committed 896K, reserved 1056768K
  class space    used 54K, committed 128K, reserved 1048576K
}

